<?xml version="1.0" encoding="UTF-8"?>
<testsuite xmlns:xsi="http://www.w3.org/2001/XMLSchema-instance" xsi:noNamespaceSchemaLocation="https://maven.apache.org/surefire/maven-surefire-plugin/xsd/surefire-test-report-3.0.xsd" version="3.0" name="com.udacity.catpoint.security.service.SecurityServiceTest" time="6.038" tests="31" errors="0" skipped="0" failures="0">
  <properties>
    <property name="java.specification.version" value="17"/>
    <property name="sun.cpu.isalist" value="amd64"/>
    <property name="sun.jnu.encoding" value="Cp1252"/>
    <property name="java.class.path" value="C:\Users\umasa\Desktop\back up\project3\uda-security\starter\catpoint-parent\security\target\test-classes;C:\Users\umasa\Desktop\back up\project3\uda-security\starter\catpoint-parent\security\target\classes;C:\Users\umasa\Desktop\back up\project3\uda-security\starter\catpoint-parent\image\target\image-1.0-SNAPSHOT.jar;C:\Users\umasa\.m2\repository\software\amazon\awssdk\sdk-core\2.17.180\sdk-core-2.17.180.jar;C:\Users\umasa\.m2\repository\org\slf4j\slf4j-api\1.7.30\slf4j-api-1.7.30.jar;C:\Users\umasa\.m2\repository\org\reactivestreams\reactive-streams\1.0.3\reactive-streams-1.0.3.jar;C:\Users\umasa\.m2\repository\com\miglayout\miglayout-swing\11.0\miglayout-swing-11.0.jar;C:\Users\umasa\.m2\repository\com\miglayout\miglayout-core\11.0\miglayout-core-11.0.jar;C:\Users\umasa\.m2\repository\software\amazon\awssdk\auth\2.17.195\auth-2.17.195.jar;C:\Users\umasa\.m2\repository\software\amazon\awssdk\annotations\2.17.195\annotations-2.17.195.jar;C:\Users\umasa\.m2\repository\software\amazon\awssdk\utils\2.17.195\utils-2.17.195.jar;C:\Users\umasa\.m2\repository\software\amazon\awssdk\regions\2.17.195\regions-2.17.195.jar;C:\Users\umasa\.m2\repository\software\amazon\awssdk\profiles\2.17.195\profiles-2.17.195.jar;C:\Users\umasa\.m2\repository\software\amazon\awssdk\http-client-spi\2.17.195\http-client-spi-2.17.195.jar;C:\Users\umasa\.m2\repository\software\amazon\awssdk\json-utils\2.17.195\json-utils-2.17.195.jar;C:\Users\umasa\.m2\repository\software\amazon\awssdk\third-party-jackson-core\2.17.195\third-party-jackson-core-2.17.195.jar;C:\Users\umasa\.m2\repository\software\amazon\eventstream\eventstream\1.0.1\eventstream-1.0.1.jar;C:\Users\umasa\.m2\repository\software\amazon\awssdk\rekognition\2.17.157\rekognition-2.17.157.jar;C:\Users\umasa\.m2\repository\software\amazon\awssdk\aws-json-protocol\2.17.157\aws-json-protocol-2.17.157.jar;C:\Users\umasa\.m2\repository\software\amazon\awssdk\protocol-core\2.17.157\protocol-core-2.17.157.jar;C:\Users\umasa\.m2\repository\software\amazon\awssdk\aws-core\2.17.157\aws-core-2.17.157.jar;C:\Users\umasa\.m2\repository\software\amazon\awssdk\metrics-spi\2.17.157\metrics-spi-2.17.157.jar;C:\Users\umasa\.m2\repository\software\amazon\awssdk\apache-client\2.17.157\apache-client-2.17.157.jar;C:\Users\umasa\.m2\repository\org\apache\httpcomponents\httpclient\4.5.13\httpclient-4.5.13.jar;C:\Users\umasa\.m2\repository\commons-logging\commons-logging\1.2\commons-logging-1.2.jar;C:\Users\umasa\.m2\repository\commons-codec\commons-codec\1.11\commons-codec-1.11.jar;C:\Users\umasa\.m2\repository\org\apache\httpcomponents\httpcore\4.4.13\httpcore-4.4.13.jar;C:\Users\umasa\.m2\repository\software\amazon\awssdk\netty-nio-client\2.17.157\netty-nio-client-2.17.157.jar;C:\Users\umasa\.m2\repository\io\netty\netty-codec-http\4.1.72.Final\netty-codec-http-4.1.72.Final.jar;C:\Users\umasa\.m2\repository\io\netty\netty-codec-http2\4.1.72.Final\netty-codec-http2-4.1.72.Final.jar;C:\Users\umasa\.m2\repository\io\netty\netty-codec\4.1.72.Final\netty-codec-4.1.72.Final.jar;C:\Users\umasa\.m2\repository\io\netty\netty-transport\4.1.72.Final\netty-transport-4.1.72.Final.jar;C:\Users\umasa\.m2\repository\io\netty\netty-resolver\4.1.72.Final\netty-resolver-4.1.72.Final.jar;C:\Users\umasa\.m2\repository\io\netty\netty-common\4.1.72.Final\netty-common-4.1.72.Final.jar;C:\Users\umasa\.m2\repository\io\netty\netty-buffer\4.1.72.Final\netty-buffer-4.1.72.Final.jar;C:\Users\umasa\.m2\repository\io\netty\netty-handler\4.1.72.Final\netty-handler-4.1.72.Final.jar;C:\Users\umasa\.m2\repository\io\netty\netty-tcnative-classes\2.0.46.Final\netty-tcnative-classes-2.0.46.Final.jar;C:\Users\umasa\.m2\repository\io\netty\netty-transport-classes-epoll\4.1.72.Final\netty-transport-classes-epoll-4.1.72.Final.jar;C:\Users\umasa\.m2\repository\io\netty\netty-transport-native-unix-common\4.1.72.Final\netty-transport-native-unix-common-4.1.72.Final.jar;C:\Users\umasa\.m2\repository\com\typesafe\netty\netty-reactive-streams-http\2.0.5\netty-reactive-streams-http-2.0.5.jar;C:\Users\umasa\.m2\repository\com\typesafe\netty\netty-reactive-streams\2.0.5\netty-reactive-streams-2.0.5.jar;C:\Users\umasa\.m2\repository\com\google\code\gson\gson\2.8.9\gson-2.8.9.jar;C:\Users\umasa\.m2\repository\com\google\guava\guava\31.0.1-jre\guava-31.0.1-jre.jar;C:\Users\umasa\.m2\repository\com\google\guava\failureaccess\1.0.1\failureaccess-1.0.1.jar;C:\Users\umasa\.m2\repository\com\google\guava\listenablefuture\9999.0-empty-to-avoid-conflict-with-guava\listenablefuture-9999.0-empty-to-avoid-conflict-with-guava.jar;C:\Users\umasa\.m2\repository\com\google\code\findbugs\jsr305\3.0.2\jsr305-3.0.2.jar;C:\Users\umasa\.m2\repository\org\checkerframework\checker-qual\3.12.0\checker-qual-3.12.0.jar;C:\Users\umasa\.m2\repository\com\google\errorprone\error_prone_annotations\2.7.1\error_prone_annotations-2.7.1.jar;C:\Users\umasa\.m2\repository\com\google\j2objc\j2objc-annotations\1.3\j2objc-annotations-1.3.jar;C:\Users\umasa\.m2\repository\org\junit\jupiter\junit-jupiter-engine\5.8.1\junit-jupiter-engine-5.8.1.jar;C:\Users\umasa\.m2\repository\org\junit\platform\junit-platform-engine\1.8.1\junit-platform-engine-1.8.1.jar;C:\Users\umasa\.m2\repository\org\opentest4j\opentest4j\1.2.0\opentest4j-1.2.0.jar;C:\Users\umasa\.m2\repository\org\junit\platform\junit-platform-commons\1.8.1\junit-platform-commons-1.8.1.jar;C:\Users\umasa\.m2\repository\org\junit\jupiter\junit-jupiter-api\5.8.1\junit-jupiter-api-5.8.1.jar;C:\Users\umasa\.m2\repository\org\apiguardian\apiguardian-api\1.1.2\apiguardian-api-1.1.2.jar;C:\Users\umasa\.m2\repository\org\junit\jupiter\junit-jupiter-params\5.8.1\junit-jupiter-params-5.8.1.jar;C:\Users\umasa\.m2\repository\org\mockito\mockito-junit-jupiter\4.6.1\mockito-junit-jupiter-4.6.1.jar;C:\Users\umasa\.m2\repository\org\mockito\mockito-core\4.6.1\mockito-core-4.6.1.jar;C:\Users\umasa\.m2\repository\net\bytebuddy\byte-buddy\1.12.10\byte-buddy-1.12.10.jar;C:\Users\umasa\.m2\repository\net\bytebuddy\byte-buddy-agent\1.12.10\byte-buddy-agent-1.12.10.jar;C:\Users\umasa\.m2\repository\org\objenesis\objenesis\3.2\objenesis-3.2.jar;"/>
    <property name="java.vm.vendor" value="Oracle Corporation"/>
    <property name="sun.arch.data.model" value="64"/>
    <property name="user.variant" value=""/>
    <property name="java.vendor.url" value="https://java.oracle.com/"/>
    <property name="user.timezone" value="America/New_York"/>
    <property name="os.name" value="Windows 10"/>
    <property name="java.vm.specification.version" value="17"/>
    <property name="sun.java.launcher" value="SUN_STANDARD"/>
    <property name="user.country" value="US"/>
    <property name="sun.boot.library.path" value="C:\Program Files\Java\jdk-17.0.1\bin"/>
    <property name="sun.java.command" value="C:\Users\umasa\AppData\Local\Temp\surefire10018120979324949859\surefirebooter4613753392913116089.jar C:\Users\umasa\AppData\Local\Temp\surefire10018120979324949859 2022-10-20T15-43-02_514-jvmRun1 surefire12169415114862821409tmp surefire_014725688156563446962tmp"/>
    <property name="jdk.debug" value="release"/>
    <property name="surefire.test.class.path" value="C:\Users\umasa\Desktop\back up\project3\uda-security\starter\catpoint-parent\security\target\test-classes;C:\Users\umasa\Desktop\back up\project3\uda-security\starter\catpoint-parent\security\target\classes;C:\Users\umasa\Desktop\back up\project3\uda-security\starter\catpoint-parent\image\target\image-1.0-SNAPSHOT.jar;C:\Users\umasa\.m2\repository\software\amazon\awssdk\sdk-core\2.17.180\sdk-core-2.17.180.jar;C:\Users\umasa\.m2\repository\org\slf4j\slf4j-api\1.7.30\slf4j-api-1.7.30.jar;C:\Users\umasa\.m2\repository\org\reactivestreams\reactive-streams\1.0.3\reactive-streams-1.0.3.jar;C:\Users\umasa\.m2\repository\com\miglayout\miglayout-swing\11.0\miglayout-swing-11.0.jar;C:\Users\umasa\.m2\repository\com\miglayout\miglayout-core\11.0\miglayout-core-11.0.jar;C:\Users\umasa\.m2\repository\software\amazon\awssdk\auth\2.17.195\auth-2.17.195.jar;C:\Users\umasa\.m2\repository\software\amazon\awssdk\annotations\2.17.195\annotations-2.17.195.jar;C:\Users\umasa\.m2\repository\software\amazon\awssdk\utils\2.17.195\utils-2.17.195.jar;C:\Users\umasa\.m2\repository\software\amazon\awssdk\regions\2.17.195\regions-2.17.195.jar;C:\Users\umasa\.m2\repository\software\amazon\awssdk\profiles\2.17.195\profiles-2.17.195.jar;C:\Users\umasa\.m2\repository\software\amazon\awssdk\http-client-spi\2.17.195\http-client-spi-2.17.195.jar;C:\Users\umasa\.m2\repository\software\amazon\awssdk\json-utils\2.17.195\json-utils-2.17.195.jar;C:\Users\umasa\.m2\repository\software\amazon\awssdk\third-party-jackson-core\2.17.195\third-party-jackson-core-2.17.195.jar;C:\Users\umasa\.m2\repository\software\amazon\eventstream\eventstream\1.0.1\eventstream-1.0.1.jar;C:\Users\umasa\.m2\repository\software\amazon\awssdk\rekognition\2.17.157\rekognition-2.17.157.jar;C:\Users\umasa\.m2\repository\software\amazon\awssdk\aws-json-protocol\2.17.157\aws-json-protocol-2.17.157.jar;C:\Users\umasa\.m2\repository\software\amazon\awssdk\protocol-core\2.17.157\protocol-core-2.17.157.jar;C:\Users\umasa\.m2\repository\software\amazon\awssdk\aws-core\2.17.157\aws-core-2.17.157.jar;C:\Users\umasa\.m2\repository\software\amazon\awssdk\metrics-spi\2.17.157\metrics-spi-2.17.157.jar;C:\Users\umasa\.m2\repository\software\amazon\awssdk\apache-client\2.17.157\apache-client-2.17.157.jar;C:\Users\umasa\.m2\repository\org\apache\httpcomponents\httpclient\4.5.13\httpclient-4.5.13.jar;C:\Users\umasa\.m2\repository\commons-logging\commons-logging\1.2\commons-logging-1.2.jar;C:\Users\umasa\.m2\repository\commons-codec\commons-codec\1.11\commons-codec-1.11.jar;C:\Users\umasa\.m2\repository\org\apache\httpcomponents\httpcore\4.4.13\httpcore-4.4.13.jar;C:\Users\umasa\.m2\repository\software\amazon\awssdk\netty-nio-client\2.17.157\netty-nio-client-2.17.157.jar;C:\Users\umasa\.m2\repository\io\netty\netty-codec-http\4.1.72.Final\netty-codec-http-4.1.72.Final.jar;C:\Users\umasa\.m2\repository\io\netty\netty-codec-http2\4.1.72.Final\netty-codec-http2-4.1.72.Final.jar;C:\Users\umasa\.m2\repository\io\netty\netty-codec\4.1.72.Final\netty-codec-4.1.72.Final.jar;C:\Users\umasa\.m2\repository\io\netty\netty-transport\4.1.72.Final\netty-transport-4.1.72.Final.jar;C:\Users\umasa\.m2\repository\io\netty\netty-resolver\4.1.72.Final\netty-resolver-4.1.72.Final.jar;C:\Users\umasa\.m2\repository\io\netty\netty-common\4.1.72.Final\netty-common-4.1.72.Final.jar;C:\Users\umasa\.m2\repository\io\netty\netty-buffer\4.1.72.Final\netty-buffer-4.1.72.Final.jar;C:\Users\umasa\.m2\repository\io\netty\netty-handler\4.1.72.Final\netty-handler-4.1.72.Final.jar;C:\Users\umasa\.m2\repository\io\netty\netty-tcnative-classes\2.0.46.Final\netty-tcnative-classes-2.0.46.Final.jar;C:\Users\umasa\.m2\repository\io\netty\netty-transport-classes-epoll\4.1.72.Final\netty-transport-classes-epoll-4.1.72.Final.jar;C:\Users\umasa\.m2\repository\io\netty\netty-transport-native-unix-common\4.1.72.Final\netty-transport-native-unix-common-4.1.72.Final.jar;C:\Users\umasa\.m2\repository\com\typesafe\netty\netty-reactive-streams-http\2.0.5\netty-reactive-streams-http-2.0.5.jar;C:\Users\umasa\.m2\repository\com\typesafe\netty\netty-reactive-streams\2.0.5\netty-reactive-streams-2.0.5.jar;C:\Users\umasa\.m2\repository\com\google\code\gson\gson\2.8.9\gson-2.8.9.jar;C:\Users\umasa\.m2\repository\com\google\guava\guava\31.0.1-jre\guava-31.0.1-jre.jar;C:\Users\umasa\.m2\repository\com\google\guava\failureaccess\1.0.1\failureaccess-1.0.1.jar;C:\Users\umasa\.m2\repository\com\google\guava\listenablefuture\9999.0-empty-to-avoid-conflict-with-guava\listenablefuture-9999.0-empty-to-avoid-conflict-with-guava.jar;C:\Users\umasa\.m2\repository\com\google\code\findbugs\jsr305\3.0.2\jsr305-3.0.2.jar;C:\Users\umasa\.m2\repository\org\checkerframework\checker-qual\3.12.0\checker-qual-3.12.0.jar;C:\Users\umasa\.m2\repository\com\google\errorprone\error_prone_annotations\2.7.1\error_prone_annotations-2.7.1.jar;C:\Users\umasa\.m2\repository\com\google\j2objc\j2objc-annotations\1.3\j2objc-annotations-1.3.jar;C:\Users\umasa\.m2\repository\org\junit\jupiter\junit-jupiter-engine\5.8.1\junit-jupiter-engine-5.8.1.jar;C:\Users\umasa\.m2\repository\org\junit\platform\junit-platform-engine\1.8.1\junit-platform-engine-1.8.1.jar;C:\Users\umasa\.m2\repository\org\opentest4j\opentest4j\1.2.0\opentest4j-1.2.0.jar;C:\Users\umasa\.m2\repository\org\junit\platform\junit-platform-commons\1.8.1\junit-platform-commons-1.8.1.jar;C:\Users\umasa\.m2\repository\org\junit\jupiter\junit-jupiter-api\5.8.1\junit-jupiter-api-5.8.1.jar;C:\Users\umasa\.m2\repository\org\apiguardian\apiguardian-api\1.1.2\apiguardian-api-1.1.2.jar;C:\Users\umasa\.m2\repository\org\junit\jupiter\junit-jupiter-params\5.8.1\junit-jupiter-params-5.8.1.jar;C:\Users\umasa\.m2\repository\org\mockito\mockito-junit-jupiter\4.6.1\mockito-junit-jupiter-4.6.1.jar;C:\Users\umasa\.m2\repository\org\mockito\mockito-core\4.6.1\mockito-core-4.6.1.jar;C:\Users\umasa\.m2\repository\net\bytebuddy\byte-buddy\1.12.10\byte-buddy-1.12.10.jar;C:\Users\umasa\.m2\repository\net\bytebuddy\byte-buddy-agent\1.12.10\byte-buddy-agent-1.12.10.jar;C:\Users\umasa\.m2\repository\org\objenesis\objenesis\3.2\objenesis-3.2.jar;"/>
    <property name="sun.cpu.endian" value="little"/>
    <property name="user.home" value="C:\Users\umasa"/>
    <property name="user.language" value="en"/>
    <property name="java.specification.vendor" value="Oracle Corporation"/>
    <property name="java.version.date" value="2021-10-19"/>
    <property name="java.home" value="C:\Program Files\Java\jdk-17.0.1"/>
    <property name="file.separator" value="\"/>
    <property name="basedir" value="C:\Users\umasa\Desktop\back up\project3\uda-security\starter\catpoint-parent\security"/>
    <property name="java.vm.compressedOopsMode" value="32-bit"/>
    <property name="line.separator" value="&#10;"/>
    <property name="java.vm.specification.vendor" value="Oracle Corporation"/>
    <property name="java.specification.name" value="Java Platform API Specification"/>
    <property name="surefire.real.class.path" value="C:\Users\umasa\AppData\Local\Temp\surefire10018120979324949859\surefirebooter4613753392913116089.jar"/>
    <property name="user.script" value=""/>
    <property name="sun.management.compiler" value="HotSpot 64-Bit Tiered Compilers"/>
    <property name="java.runtime.version" value="17.0.1+12-LTS-39"/>
    <property name="user.name" value="Uma Sarwani"/>
    <property name="path.separator" value=";"/>
    <property name="os.version" value="10.0"/>
    <property name="java.runtime.name" value="Java(TM) SE Runtime Environment"/>
    <property name="file.encoding" value="Cp1252"/>
    <property name="java.vm.name" value="Java HotSpot(TM) 64-Bit Server VM"/>
    <property name="localRepository" value="C:\Users\umasa\.m2\repository"/>
    <property name="java.vendor.url.bug" value="https://bugreport.java.com/bugreport/"/>
    <property name="java.io.tmpdir" value="C:\Users\umasa\AppData\Local\Temp\"/>
    <property name="java.version" value="17.0.1"/>
    <property name="user.dir" value="C:\Users\umasa\Desktop\back up\project3\uda-security\starter\catpoint-parent\security"/>
    <property name="os.arch" value="amd64"/>
    <property name="java.vm.specification.name" value="Java Virtual Machine Specification"/>
    <property name="sun.os.patch.level" value=""/>
    <property name="native.encoding" value="Cp1252"/>
    <property name="java.library.path" value="C:\Program Files\Java\jdk-17.0.1\bin;C:\WINDOWS\Sun\Java\bin;C:\WINDOWS\system32;C:\WINDOWS;C:\Program Files\Common Files\Oracle\Java\javapath;C:\Program Files\Intel\iCLS Client\;C:\WINDOWS\system32;C:\WINDOWS;C:\WINDOWS\System32\Wbem;C:\WINDOWS\System32\WindowsPowerShell\v1.0\;C:\Program Files (x86)\Intel\Intel(R) Management Engine Components\DAL;C:\Program Files\Intel\Intel(R) Management Engine Components\DAL;C:\Program Files (x86)\Intel\Intel(R) Management Engine Components\IPT;C:\Program Files\Intel\Intel(R) Management Engine Components\IPT;C:\WINDOWS\System32\OpenSSH\;C:\Program Files\Git\cmd;C:\Program Files\dotnet\;C:\Program Files\nodejs\;C:\ProgramData\chocolatey\bin;C:\Program Files (x86)\Intel\iCLS Client\;C:\Program Files\Java\jdk-17.0.1\bin;C:\Users\umasa\Maven\apache-maven-3.8.6-bin\apache-maven-3.8.6\bin;C:\Users\umasa\AppData\Local\Microsoft\WindowsApps;C:\Users\umasa\AppData\Roaming\npm;C:\Users\umasa\AppData\Local\Programs\Microsoft VS Code\bin;;."/>
    <property name="java.vm.info" value="mixed mode, sharing"/>
    <property name="java.vendor" value="Oracle Corporation"/>
    <property name="java.vm.version" value="17.0.1+12-LTS-39"/>
    <property name="sun.io.unicode.encoding" value="UnicodeLittle"/>
    <property name="java.class.version" value="61.0"/>
  </properties>
  <testcase name="if_sensorIs_notActivated_and_armStatus_is_disArmed_then_do_nothing" classname="com.udacity.catpoint.security.service.SecurityServiceTest" time="4.984"/>
  <testcase name="if_systemIsArmedHome_imageService_detectsCat_setAlarmStatus_toAlarm" classname="com.udacity.catpoint.security.service.SecurityServiceTest" time="0.274"/>
  <testcase name="coverage_for_test_getAlarmStatus" classname="com.udacity.catpoint.security.service.SecurityServiceTest" time="0.006"/>
  <testcase name="codeCoverage_for_method_if_systemIsArmed_then_input_sensorIsSetToInactive(ArmingStatus)[1]" classname="com.udacity.catpoint.security.service.SecurityServiceTest" time="0.221"/>
  <testcase name="codeCoverage_for_method_if_systemIsArmed_then_input_sensorIsSetToInactive(ArmingStatus)[2]" classname="com.udacity.catpoint.security.service.SecurityServiceTest" time="0.008"/>
  <testcase name="codeCoverage_for_test_to_add_and_remove_statusListener_method" classname="com.udacity.catpoint.security.service.SecurityServiceTest" time="0.016"/>
  <testcase name="if_sensorIsDeActivated_while_alreadyInactive_makeNoChanges_toAlarmState" classname="com.udacity.catpoint.security.service.SecurityServiceTest" time="0.008"/>
  <testcase name="if_alarmArmed_and_sensorActivated_and_systemInPendingAlarm_then_putAlarmStatus_to_alarm(ArmingStatus)[1]" classname="com.udacity.catpoint.security.service.SecurityServiceTest" time="0.012"/>
  <testcase name="if_alarmArmed_and_sensorActivated_and_systemInPendingAlarm_then_putAlarmStatus_to_alarm(ArmingStatus)[2]" classname="com.udacity.catpoint.security.service.SecurityServiceTest" time="0.011"/>
  <testcase name="if_alarmIsActive_changeSensorState_shouldNotAffectAlarmState(boolean)[1]" classname="com.udacity.catpoint.security.service.SecurityServiceTest" time="0.008"/>
  <testcase name="if_alarmIsActive_changeSensorState_shouldNotAffectAlarmState(boolean)[2]" classname="com.udacity.catpoint.security.service.SecurityServiceTest" time="0.013"/>
  <testcase name="if_systemIsDisarmed_setStatus_to_noAlarmStatus" classname="com.udacity.catpoint.security.service.SecurityServiceTest" time="0.005"/>
  <testcase name="if_pendingAlarmStatus_and_all_sensors_are_inactive_then_setAlarmStatus_to_NoAlarm" classname="com.udacity.catpoint.security.service.SecurityServiceTest" time="0.009"/>
  <testcase name="if_image_serviceIdentifies_anImage_containingCat_whileSystemIs_ArmedHome_putSystem_toAlarmStatus" classname="com.udacity.catpoint.security.service.SecurityServiceTest" time="0.005"/>
  <testcase name="codeCoverage_forMethod_if_armingStatus_is_ArmedHome_call_setArmingStatus" classname="com.udacity.catpoint.security.service.SecurityServiceTest" time="0.003"/>
  <testcase name="codeCoverage_for_method_if_alarmStatusInPendingAlarm_and_sensorActive_and_systemIsInactive_then_handleSensorDeactivated(AlarmStatus)[1]" classname="com.udacity.catpoint.security.service.SecurityServiceTest" time="0.01"/>
  <testcase name="if_sensorActivated_and_systemActive_and_alarm_isInPendingState_thenChange_alarmStatus_to_alarmState" classname="com.udacity.catpoint.security.service.SecurityServiceTest" time="0.008"/>
  <testcase name="if_systemIsArmed_reset_AllSensors_toInactive(ArmingStatus)[1]" classname="com.udacity.catpoint.security.service.SecurityServiceTest" time="0.012"/>
  <testcase name="if_systemIsArmed_reset_AllSensors_toInactive(ArmingStatus)[2]" classname="com.udacity.catpoint.security.service.SecurityServiceTest" time="0.008"/>
  <testcase name="when_system_armed_set_sensor_to_deactivated(ArmingStatus)[1]" classname="com.udacity.catpoint.security.service.SecurityServiceTest" time="0.007"/>
  <testcase name="when_system_armed_set_sensor_to_deactivated(ArmingStatus)[2]" classname="com.udacity.catpoint.security.service.SecurityServiceTest" time="0.008"/>
  <testcase name="codeCoverage_for_test_remove_Sensor_method" classname="com.udacity.catpoint.security.service.SecurityServiceTest" time="0.005"/>
  <testcase name="codeCoverage_for_method_if_alarmStatusIsNoAlarm_and_sensorIsInactive_and_systemIsInactive_then_ArmingStatusDisArmed_then_handleSensor(AlarmStatus)[1]" classname="com.udacity.catpoint.security.service.SecurityServiceTest" time="0.006"/>
  <testcase name="codeCoverage_for_method_if_alarmStatusIsNoAlarm_and_sensorIsInactive_and_systemIsInactive_then_ArmingStatusDisArmed_then_handleSensor(AlarmStatus)[2]" classname="com.udacity.catpoint.security.service.SecurityServiceTest" time="0.006"/>
  <testcase name="if_sensorIsActivated_and_alarmStatus_is_alarm_then_set_alarmStatus_to_pendingStatus" classname="com.udacity.catpoint.security.service.SecurityServiceTest" time="0.007"/>
  <testcase name="if_alarmArmed_and_sensorActivated_then_putSystem_into_pendingAlarmStatus(ArmingStatus)[1]" classname="com.udacity.catpoint.security.service.SecurityServiceTest" time="0.008"/>
  <testcase name="if_alarmArmed_and_sensorActivated_then_putSystem_into_pendingAlarmStatus(ArmingStatus)[2]" classname="com.udacity.catpoint.security.service.SecurityServiceTest" time="0.007"/>
  <testcase name="if_sensor_deactivated_and_alarmStatus_pending_then_set_alarmStatus_to_noAlarm" classname="com.udacity.catpoint.security.service.SecurityServiceTest" time="0.006"/>
  <testcase name="if_imageService_detects_notCat_sensorsNotActive_changeStatus_to_noAlarmStatus" classname="com.udacity.catpoint.security.service.SecurityServiceTest" time="0.004"/>
  <testcase name="codeCoverage_for_test_add_sensor_method" classname="com.udacity.catpoint.security.service.SecurityServiceTest" time="0.003"/>
  <testcase name="test_securityService_constructor" classname="com.udacity.catpoint.security.service.SecurityServiceTest" time="0.004"/>
</testsuite>